make.exe all --print-data-base --no-builtin-variables --no-builtin-rules --question
# GNU Make 4.3
# Built for x86_64-pc-msys
# Copyright (C) 1988-2020 Free Software Foundation, Inc.
# License GPLv3+: GNU GPL version 3 or later <http://gnu.org/licenses/gpl.html>
# This is free software: you are free to change and redistribute it.
# There is NO WARRANTY, to the extent permitted by law.
 

# Make data base, printed on Mon Jul 18 16:51:03 2022

# Variables

# environment
SYSTEMDRIVE = C:
# environment
LC_ALL = C
# environment
OCULUSBASE = C:\Program Files\Oculus\
# environment
 
USERPROFILE = C:\Users\barry
# environment
LOCALAPPDATA = C:\Users\barry\AppData\Local
# environment
VSCODE_CWD = C:\Users\barry\AppData\Local\Programs\Microsoft VS Code
# environment
SYSTEMROOT = C:\Windows
# environment
PROCESSOR_LEVEL = 25
# environment
PSMODULEPATH = C:\Program Files\WindowsPowerShell\Modules;C:\Windows\system32\WindowsPowerShell\v1.0\Modules
# default
MAKE_COMMAND := make
# makefile (from 'Makefile', line 19)
ASMSOURCES := 
# automatic
@D = $(patsubst %/,%,$(dir $@))
# environment
CHROME_CRASHPAD_PIPE_NAME = \\.\pipe\crashpad_23052_RSXJTPSYUNQNQBIU
# environment
VSCODE_HANDLES_UNCAUGHT_ERRORS = true
# default
.VARIABLES := 
# automatic
%D = $(patsubst %/,%,$(dir $%))
# automatic
^D = $(patsubst %/,%,$(dir $^))
# automatic
%F = $(notdir $%)
# environment
VSCODE_CODE_CACHE_PATH = C:\Users\barry\AppData\Roaming\Code\CachedData\b06ae3b2d2dbfe28bca3134cc6be65935cdfea6a
# makefile (from 'Makefile', line 15)
PROJECTNAME = Terraria
# environment
LANG = C
# default
.LOADED := 
# environment
TMP = /home/barry/AppData/Local/Temp
# default
.INCLUDE_DIRS = /usr/include /usr/include
# makefile (from 'Makefile', line 7)
GBDK_HOME = C:/gbdk/
# makefile
MAKEFLAGS = pqrR
# environment
ONEDRIVE = C:\Users\barry\OneDrive
# environment
DEVKITARM = /opt/devkitpro/devkitARM
# makefile
CURDIR := /home/barry/Desktop/Creating stuffs/Game Dev/GB development/TerrariaGB
# environment
APPLICATION_INSIGHTS_NO_DIAGNOSTIC_CHANNEL = 1
# automatic
*D = $(patsubst %/,%,$(dir $*))
# environment
PROGRAMFILES = C:\Program Files
# environment
MFLAGS = -pqrR
# default
.SHELLFLAGS := -c
# environment
!C: = c:\Users\barry\Desktop\Creating stuffs\Game Dev\GB development\TerrariaGB
# environment
COMMONPROGRAMW6432 = C:\Program Files\Common Files
# automatic
+D = $(patsubst %/,%,$(dir $+))
# makefile (from 'Makefile', line 1)
MAKEFILE_LIST := Makefile
# automatic
@F = $(notdir $@)
# environment
VSCODE_PID = 23052
# automatic
?D = $(patsubst %/,%,$(dir $?))
# environment
DEVKITPPC = /opt/devkitpro/devkitPPC
# automatic
*F = $(notdir $*)
# automatic
<D = $(patsubst %/,%,$(dir $<))
# environment
VSCODE_NLS_CONFIG = {"locale":"en-us","availableLanguages":{},"_languagePackSupport":true}
# environment
AMDRMPATH = C:\Program Files\AMD\RyzenMaster\
# environment
ONEDRIVECONSUMER = C:\Users\barry\OneDrive
# default
MAKE_HOST := x86_64-pc-msys
# environment
PROGRAMDATA = C:\ProgramData
# default
SHELL := /bin/sh
# environment
HOMEPATH = \Users\barry
# default
MAKECMDGOALS := all
# environment
DRIVERDATA = C:\Windows\System32\Drivers\DriverData
# environment
COMSPEC = C:\Windows\system32\cmd.exe
# environment
WINDIR = C:\Windows
# environment
MAKELEVEL := 0
# default
MAKE = $(MAKE_COMMAND)
# environment
PATH = /c/Program Files/Common Files/Oracle/Java/javapath:/c/Program Files/Microsoft/jdk-11.0.12.7-hotspot/bin:/c/Program Files (x86)/Common Files/Oracle/Java/javapath:/opt/devkitpro/msys2/usr/bin:/d/VMware/bin:/c/Program Files/Oculus/Support/oculus-runtime:/c/Windows/system32:/c/Windows:/c/Windows/System32/Wbem:/c/Windows/System32/WindowsPowerShell/v1.0:/c/Windows/System32/OpenSSH:/c/Program Files (x86)/NVIDIA Corporation/PhysX/Common:/c/Program Files/NVIDIA Corporation/NVIDIA NvDLISR:/c/Program Files/Docker/Docker/resources/bin:/c/ProgramData/DockerDesktop/version-bin:/c/Program Files/dotnet:/c/Program Files (x86)/FFAIO/bin:/home/barry/AppData/Local/Microsoft/WindowsApps:/c/libdragon:/home/barry/AppData/Local/Programs/Microsoft VS Code/bin:/home/barry/.dotnet/tools:/home/barry/AppData/Local/GitHubDesktop/bin
# environment
COMPUTERNAME = JACKSLAPTOP
# default
MAKEFILES := 
# automatic
^F = $(notdir $^)
# environment
PROMPT = $P$G
# environment
LOGONSERVER = \\JACKSLAPTOP
# makefile (from 'Makefile', line 9)
LCC = $(GBDK_HOME)bin/lcc 
# makefile (from 'Makefile', line 17)
BINS = $(PROJECTNAME).gb
# environment
USERNAME = barry
# environment
COMMONPROGRAMFILES = C:\Program Files\Common Files
# automatic
?F = $(notdir $?)
# environment
PROGRAMW6432 = C:\Program Files
# environment
DEVKITPRO = /opt/devkitpro
# environment
PATHEXT = .COM;.EXE;.BAT;.CMD;.VBS;.VBE;.JS;.JSE;.WSF;.WSH;.MSC
# automatic
+F = $(notdir $+)
# environment
ORIGINAL_XDG_CURRENT_DESKTOP = undefined
# environment
USERDOMAIN = JACKSLAPTOP
# 'override' directive
GNUMAKEFLAGS := 
# environment
OS = Windows_NT
# environment
__COMPAT_LAYER = DetectorsAppHealth
# makefile
.DEFAULT_GOAL := all
# makefile (from 'Makefile', line 18)
CSOURCES := Export.c main.c player.c save.c worldtiles.c
# default
MAKE_VERSION := 4.3
# environment
PROGRAMFILES(X86) = C:\Program Files (x86)
# environment
USERDOMAIN_ROAMINGPROFILE = JACKSLAPTOP
# environment
NUMBER_OF_PROCESSORS = 16
# environment
PUBLIC = C:\Users\Public
# environment
APPDATA = C:\Users\barry\AppData\Roaming
# environment
HOMEDRIVE = C:
# environment
PROCESSOR_ARCHITECTURE = AMD64
# environment
VSCODE_AMD_ENTRYPOINT = vs/workbench/api/node/extensionHostProcess
# environment
HOME = /home/barry
# environment
COMMONPROGRAMFILES(X86) = C:\Program Files (x86)\Common Files
# environment
ELECTRON_RUN_AS_NODE = 1
# environment
TEMP = /home/barry/AppData/Local/Temp
# environment
VSCODE_IPC_HOOK = \\.\pipe\dc673e370b9fbe406f2f9f55250af007-1.69.1-main-sock
# environment
TERM = xterm-256color
# default
.RECIPEPREFIX := 
# automatic
<F = $(notdir $<)
# default
SUFFIXES := 
# environment
ALLUSERSPROFILE = C:\ProgramData
# environment
SESSIONNAME = Console
# default
.FEATURES := target-specific order-only second-expansion else-if shortest-stem undefine oneshell nocomment grouped-target extra-prereqs archives jobserver output-sync check-symlink load
# environment
PROCESSOR_REVISION = 5000
# environment
PROCESSOR_IDENTIFIER = AMD64 Family 25 Model 80 Stepping 0, AuthenticAMD
# variable set hash-table stats:
# Load=102/1024=10%, Rehash=0, Collisions=16/135=12%

# Pattern-specific Variable Values

# No pattern-specific variable values.

# Directories

# . (device 1645425732, inode 1125899906902755): 30 files, no impossibilities.

# 30 files, no impossibilities in 1 directories.

# Implicit Rules

# No implicit rules.

# Files

# Not a target:
player.c:
#  Implicit rule search has been done.
#  Last modified 2022-07-16 16:44:06.6745099
#  File has been updated.
#  Successfully updated.

# Not a target:
Makefile:
#  Implicit rule search has been done.
#  Last modified 2022-07-17 23:01:12.2969672
#  File has been updated.
#  Successfully updated.

# Not a target:
worldtiles.c:
#  Implicit rule search has been done.
#  Last modified 2022-07-16 19:08:23.9867735
#  File has been updated.
#  Successfully updated.

clean:
#  Implicit rule search has not been done.
#  Modification time never checked.
#  File has not been updated.
#  recipe to execute (from 'Makefile', line 32):
	rm -f *.o *.lst *.map *.gb *.ihx *.sym *.cdb *.adb *.asm *.map

# Not a target:
 
Export.c:
#  Implicit rule search has been done.
#  Last modified 2022-07-11 15:53:59.6088441
#  File has been updated.
#  Successfully updated.

# Not a target:
.DEFAULT:
#  Implicit rule search has not been done.
#  Modification time never checked.
#  File has not been updated.

all: Terraria.gb
#  Command line target.
#  Implicit rule search has been done.
#  File does not exist.
#  File has been updated.
#  Successfully updated.

# Not a target:
main.c:
#  Implicit rule search has been done.
#  Last modified 2022-07-18 16:43:35.8674542
#  File has been updated.
#  Successfully updated.

# Not a target:
save.c:
#  Implicit rule search has been done.
#  Last modified 2022-07-18 15:22:24.0826752
#  File has been updated.
#  Successfully updated.

Terraria.gb: Export.c main.c player.c save.c worldtiles.c
#  Implicit rule search has not been done.
#  Last modified 2022-07-18 16:44:32.2304602
#  File has been updated.
#  Successfully updated.
#  recipe to execute (from 'Makefile', line 29):
	$(LCC) -o $@ $(CSOURCES) $(ASMSOURCES)

compile.bat: Makefile
#  Implicit rule search has not been done.
#  Modification time never checked.
#  File has not been updated.
#  recipe to execute (from 'Makefile', line 24):
	@echo "REM Automatically generated from Makefile" > compile.bat
	@make -sn | sed y/\\//\\\\/ | grep -v make >> compile.bat

# files hash-table stats:
# Load=12/1024=1%, Rehash=0, Collisions=0/31=0%
# VPATH Search Paths

# No 'vpath' search paths.

# No general ('VPATH' variable) search path.

# strcache buffers: 1 (0) / strings = 35 / storage = 322 B / avg = 9 B
# current buf: size = 8162 B / used = 322 B / count = 35 / avg = 9 B

# strcache performance: lookups = 53 / hit rate = 33%
# hash-table stats:
# Load=35/8192=0%, Rehash=0, Collisions=0/53=0%
# Finished Make data base on Mon Jul 18 16:51:03 2022

 
